  main.cpp
  SE_winsock2.cpp
c:\program files (x86)\windows kits\8.1\include\shared\ws2def.h(100): warning C4005: “AF_IPX”: 宏重定义
  c:\program files (x86)\windows kits\8.1\include\um\winsock.h(452): note: 参见“AF_IPX”的前一个定义
c:\program files (x86)\windows kits\8.1\include\shared\ws2def.h(133): warning C4005: “AF_MAX”: 宏重定义
  c:\program files (x86)\windows kits\8.1\include\um\winsock.h(471): note: 参见“AF_MAX”的前一个定义
c:\program files (x86)\windows kits\8.1\include\shared\ws2def.h(177): warning C4005: “SO_DONTLINGER”: 宏重定义
  c:\program files (x86)\windows kits\8.1\include\um\winsock.h(394): note: 参见“SO_DONTLINGER”的前一个定义
c:\program files (x86)\windows kits\8.1\include\shared\ws2def.h(221): error C2011: “sockaddr”:“struct”类型重定义
  c:\program files (x86)\windows kits\8.1\include\um\winsock.h(1002): note: 参见“sockaddr”的声明
c:\program files (x86)\windows kits\8.1\include\shared\ws2def.h(421): error C2059: 语法错误:“常量”
c:\program files (x86)\windows kits\8.1\include\shared\ws2def.h(421): error C3805: “常量”: 意外标记，应输入“}”或者“,”
c:\program files (x86)\windows kits\8.1\include\shared\ws2def.h(556): warning C4005: “IN_CLASSA”: 宏重定义
  c:\program files (x86)\windows kits\8.1\include\um\winsock.h(279): note: 参见“IN_CLASSA”的前一个定义
c:\program files (x86)\windows kits\8.1\include\shared\ws2def.h(562): warning C4005: “IN_CLASSB”: 宏重定义
  c:\program files (x86)\windows kits\8.1\include\um\winsock.h(285): note: 参见“IN_CLASSB”的前一个定义
c:\program files (x86)\windows kits\8.1\include\shared\ws2def.h(568): warning C4005: “IN_CLASSC”: 宏重定义
  c:\program files (x86)\windows kits\8.1\include\um\winsock.h(291): note: 参见“IN_CLASSC”的前一个定义
c:\program files (x86)\windows kits\8.1\include\shared\ws2def.h(579): warning C4005: “INADDR_ANY”: 宏重定义
  c:\program files (x86)\windows kits\8.1\include\um\winsock.h(296): note: 参见“INADDR_ANY”的前一个定义
c:\program files (x86)\windows kits\8.1\include\shared\ws2def.h(581): warning C4005: “INADDR_BROADCAST”: 宏重定义
  c:\program files (x86)\windows kits\8.1\include\um\winsock.h(298): note: 参见“INADDR_BROADCAST”的前一个定义
c:\program files (x86)\windows kits\8.1\include\shared\ws2def.h(615): error C2011: “sockaddr_in”:“struct”类型重定义
  c:\program files (x86)\windows kits\8.1\include\um\winsock.h(1006): note: 参见“sockaddr_in”的声明
c:\program files (x86)\windows kits\8.1\include\um\winsock2.h(136): error C2011: “fd_set”:“struct”类型重定义
  c:\program files (x86)\windows kits\8.1\include\um\winsock.h(1014): note: 参见“fd_set”的声明
c:\program files (x86)\windows kits\8.1\include\um\winsock2.h(156): warning C4005: “FD_CLR”: 宏重定义
  c:\program files (x86)\windows kits\8.1\include\um\winsock.h(89): note: 参见“FD_CLR”的前一个定义
c:\program files (x86)\windows kits\8.1\include\um\winsock2.h(171): warning C4005: “FD_SET”: 宏重定义
  c:\program files (x86)\windows kits\8.1\include\um\winsock.h(94): note: 参见“FD_SET”的前一个定义
c:\program files (x86)\windows kits\8.1\include\um\winsock2.h(180): error C2011: “timeval”:“struct”类型重定义
  c:\program files (x86)\windows kits\8.1\include\um\winsock.h(1030): note: 参见“timeval”的声明
c:\program files (x86)\windows kits\8.1\include\um\winsock2.h(236): error C2011: “hostent”:“struct”类型重定义
  c:\program files (x86)\windows kits\8.1\include\um\winsock.h(1018): note: 参见“hostent”的声明
c:\program files (x86)\windows kits\8.1\include\um\winsock2.h(249): error C2011: “netent”:“struct”类型重定义
  c:\program files (x86)\windows kits\8.1\include\um\winsock.h(172): note: 参见“netent”的声明
c:\program files (x86)\windows kits\8.1\include\um\winsock2.h(256): error C2011: “servent”:“struct”类型重定义
  c:\program files (x86)\windows kits\8.1\include\um\winsock.h(1022): note: 参见“servent”的声明
c:\program files (x86)\windows kits\8.1\include\um\winsock2.h(268): error C2011: “protoent”:“struct”类型重定义
  c:\program files (x86)\windows kits\8.1\include\um\winsock.h(1026): note: 参见“protoent”的声明
c:\program files (x86)\windows kits\8.1\include\um\winsock2.h(364): error C2011: “WSAData”:“struct”类型重定义
  c:\program files (x86)\windows kits\8.1\include\um\winsock.h(314): note: 参见“WSAData”的声明
c:\program files (x86)\windows kits\8.1\include\um\winsock2.h(462): error C2011: “sockproto”:“struct”类型重定义
  c:\program files (x86)\windows kits\8.1\include\um\winsock.h(486): note: 参见“sockproto”的声明
c:\program files (x86)\windows kits\8.1\include\um\winsock2.h(504): error C2011: “linger”:“struct”类型重定义
  c:\program files (x86)\windows kits\8.1\include\um\winsock.h(1010): note: 参见“linger”的声明
c:\program files (x86)\windows kits\8.1\include\um\winsock2.h(517): warning C4005: “SOMAXCONN”: 宏重定义
  c:\program files (x86)\windows kits\8.1\include\um\winsock.h(536): note: 参见“SOMAXCONN”的前一个定义
c:\program files (x86)\windows kits\8.1\include\um\winsock2.h(551): warning C4005: “FD_READ”: 宏重定义
  c:\program files (x86)\windows kits\8.1\include\um\winsock.h(554): note: 参见“FD_READ”的前一个定义
c:\program files (x86)\windows kits\8.1\include\um\winsock2.h(554): warning C4005: “FD_WRITE”: 宏重定义
  c:\program files (x86)\windows kits\8.1\include\um\winsock.h(555): note: 参见“FD_WRITE”的前一个定义
c:\program files (x86)\windows kits\8.1\include\um\winsock2.h(557): warning C4005: “FD_OOB”: 宏重定义
  c:\program files (x86)\windows kits\8.1\include\um\winsock.h(556): note: 参见“FD_OOB”的前一个定义
c:\program files (x86)\windows kits\8.1\include\um\winsock2.h(560): warning C4005: “FD_ACCEPT”: 宏重定义
  c:\program files (x86)\windows kits\8.1\include\um\winsock.h(557): note: 参见“FD_ACCEPT”的前一个定义
c:\program files (x86)\windows kits\8.1\include\um\winsock2.h(563): warning C4005: “FD_CONNECT”: 宏重定义
  c:\program files (x86)\windows kits\8.1\include\um\winsock.h(558): note: 参见“FD_CONNECT”的前一个定义
c:\program files (x86)\windows kits\8.1\include\um\winsock2.h(566): warning C4005: “FD_CLOSE”: 宏重定义
  c:\program files (x86)\windows kits\8.1\include\um\winsock.h(559): note: 参见“FD_CLOSE”的前一个定义
c:\program files (x86)\windows kits\8.1\include\um\winsock2.h(1646): error C2375: “accept”: 重定义；不同的链接
  c:\program files (x86)\windows kits\8.1\include\um\winsock.h(734): note: 参见“accept”的声明
c:\program files (x86)\windows kits\8.1\include\um\winsock2.h(1668): error C2375: “bind”: 重定义；不同的链接
  c:\program files (x86)\windows kits\8.1\include\um\winsock.h(739): note: 参见“bind”的声明
c:\program files (x86)\windows kits\8.1\include\um\winsock2.h(1689): error C2375: “closesocket”: 重定义；不同的链接
  c:\program files (x86)\windows kits\8.1\include\um\winsock.h(744): note: 参见“closesocket”的声明
c:\program files (x86)\windows kits\8.1\include\um\winsock2.h(1706): error C2375: “connect”: 重定义；不同的链接
  c:\program files (x86)\windows kits\8.1\include\um\winsock.h(746): note: 参见“connect”的声明
c:\program files (x86)\windows kits\8.1\include\um\winsock2.h(1727): error C2375: “ioctlsocket”: 重定义；不同的链接
  c:\program files (x86)\windows kits\8.1\include\um\winsock.h(751): note: 参见“ioctlsocket”的声明
c:\program files (x86)\windows kits\8.1\include\um\winsock2.h(1748): error C2375: “getpeername”: 重定义；不同的链接
  c:\program files (x86)\windows kits\8.1\include\um\winsock.h(756): note: 参见“getpeername”的声明
c:\program files (x86)\windows kits\8.1\include\um\winsock2.h(1769): error C2375: “getsockname”: 重定义；不同的链接
  c:\program files (x86)\windows kits\8.1\include\um\winsock.h(761): note: 参见“getsockname”的声明
c:\program files (x86)\windows kits\8.1\include\um\winsock2.h(1790): error C2375: “getsockopt”: 重定义；不同的链接
  c:\program files (x86)\windows kits\8.1\include\um\winsock.h(766): note: 参见“getsockopt”的声明
c:\program files (x86)\windows kits\8.1\include\um\winsock2.h(1815): error C2375: “htonl”: 重定义；不同的链接
  c:\program files (x86)\windows kits\8.1\include\um\winsock.h(773): note: 参见“htonl”的声明
c:\program files (x86)\windows kits\8.1\include\um\winsock2.h(1832): error C2375: “htons”: 重定义；不同的链接
  c:\program files (x86)\windows kits\8.1\include\um\winsock.h(775): note: 参见“htons”的声明
c:\program files (x86)\windows kits\8.1\include\um\winsock2.h(1850): error C2375: “inet_addr”: 重定义；不同的链接
  c:\program files (x86)\windows kits\8.1\include\um\winsock.h(777): note: 参见“inet_addr”的声明
c:\program files (x86)\windows kits\8.1\include\um\winsock2.h(1868): error C2375: “inet_ntoa”: 重定义；不同的链接
  c:\program files (x86)\windows kits\8.1\include\um\winsock.h(779): note: 参见“inet_ntoa”的声明
c:\program files (x86)\windows kits\8.1\include\um\winsock2.h(1968): error C2375: “listen”: 重定义；不同的链接
  c:\program files (x86)\windows kits\8.1\include\um\winsock.h(781): note: 参见“listen”的声明
c:\program files (x86)\windows kits\8.1\include\um\winsock2.h(1987): error C2375: “ntohl”: 重定义；不同的链接
  c:\program files (x86)\windows kits\8.1\include\um\winsock.h(785): note: 参见“ntohl”的声明
c:\program files (x86)\windows kits\8.1\include\um\winsock2.h(2004): error C2375: “ntohs”: 重定义；不同的链接
  c:\program files (x86)\windows kits\8.1\include\um\winsock.h(787): note: 参见“ntohs”的声明
c:\program files (x86)\windows kits\8.1\include\um\winsock2.h(2021): error C2375: “recv”: 重定义；不同的链接
  c:\program files (x86)\windows kits\8.1\include\um\winsock.h(789): note: 参见“recv”的声明
c:\program files (x86)\windows kits\8.1\include\um\winsock2.h(2044): error C2375: “recvfrom”: 重定义；不同的链接
  c:\program files (x86)\windows kits\8.1\include\um\winsock.h(795): note: 参见“recvfrom”的声明
c:\program files (x86)\windows kits\8.1\include\um\winsock2.h(2071): error C2375: “select”: 重定义；不同的链接
  c:\program files (x86)\windows kits\8.1\include\um\winsock.h(803): note: 参见“select”的声明
c:\program files (x86)\windows kits\8.1\include\um\winsock2.h(2096): error C2375: “send”: 重定义；不同的链接
  c:\program files (x86)\windows kits\8.1\include\um\winsock.h(810): note: 参见“send”的声明
c:\program files (x86)\windows kits\8.1\include\um\winsock2.h(2119): error C2375: “sendto”: 重定义；不同的链接
  c:\program files (x86)\windows kits\8.1\include\um\winsock.h(816): note: 参见“sendto”的声明
c:\program files (x86)\windows kits\8.1\include\um\winsock2.h(2146): error C2375: “setsockopt”: 重定义；不同的链接
  c:\program files (x86)\windows kits\8.1\include\um\winsock.h(824): note: 参见“setsockopt”的声明
c:\program files (x86)\windows kits\8.1\include\um\winsock2.h(2171): error C2375: “shutdown”: 重定义；不同的链接
  c:\program files (x86)\windows kits\8.1\include\um\winsock.h(831): note: 参见“shutdown”的声明
c:\program files (x86)\windows kits\8.1\include\um\winsock2.h(2191): error C2375: “socket”: 重定义；不同的链接
  c:\program files (x86)\windows kits\8.1\include\um\winsock.h(835): note: 参见“socket”的声明
c:\program files (x86)\windows kits\8.1\include\um\winsock2.h(2216): error C2375: “gethostbyaddr”: 重定义；不同的链接
  c:\program files (x86)\windows kits\8.1\include\um\winsock.h(842): note: 参见“gethostbyaddr”的声明
c:\program files (x86)\windows kits\8.1\include\um\winsock2.h(2238): error C2375: “gethostbyname”: 重定义；不同的链接
  c:\program files (x86)\windows kits\8.1\include\um\winsock.h(847): note: 参见“gethostbyname”的声明
c:\program files (x86)\windows kits\8.1\include\um\winsock2.h(2255): error C2375: “gethostname”: 重定义；不同的链接
  c:\program files (x86)\windows kits\8.1\include\um\winsock.h(849): note: 参见“gethostname”的声明
c:\program files (x86)\windows kits\8.1\include\um\winsock2.h(2295): error C2375: “getservbyport”: 重定义；不同的链接
  c:\program files (x86)\windows kits\8.1\include\um\winsock.h(853): note: 参见“getservbyport”的声明
c:\program files (x86)\windows kits\8.1\include\um\winsock2.h(2314): error C2375: “getservbyname”: 重定义；不同的链接
  c:\program files (x86)\windows kits\8.1\include\um\winsock.h(857): note: 参见“getservbyname”的声明
c:\program files (x86)\windows kits\8.1\include\um\winsock2.h(2333): error C2375: “getprotobynumber”: 重定义；不同的链接
  c:\program files (x86)\windows kits\8.1\include\um\winsock.h(861): note: 参见“getprotobynumber”的声明
c:\program files (x86)\windows kits\8.1\include\um\winsock2.h(2350): error C2375: “getprotobyname”: 重定义；不同的链接
  c:\program files (x86)\windows kits\8.1\include\um\winsock.h(863): note: 参见“getprotobyname”的声明
c:\program files (x86)\windows kits\8.1\include\um\winsock2.h(2370): error C2375: “WSAStartup”: 重定义；不同的链接
  c:\program files (x86)\windows kits\8.1\include\um\winsock.h(867): note: 参见“WSAStartup”的声明
c:\program files (x86)\windows kits\8.1\include\um\winsock2.h(2390): error C2375: “WSACleanup”: 重定义；不同的链接
  c:\program files (x86)\windows kits\8.1\include\um\winsock.h(871): note: 参见“WSACleanup”的声明
c:\program files (x86)\windows kits\8.1\include\um\winsock2.h(2407): error C2375: “WSASetLastError”: 重定义；不同的链接
  c:\program files (x86)\windows kits\8.1\include\um\winsock.h(873): note: 参见“WSASetLastError”的声明
c:\program files (x86)\windows kits\8.1\include\um\winsock2.h(2424): error C2375: “WSAGetLastError”: 重定义；不同的链接
  c:\program files (x86)\windows kits\8.1\include\um\winsock.h(875): note: 参见“WSAGetLastError”的声明
c:\program files (x86)\windows kits\8.1\include\um\winsock2.h(2445): error C2375: “WSAIsBlocking”: 重定义；不同的链接
  c:\program files (x86)\windows kits\8.1\include\um\winsock.h(877): note: 参见“WSAIsBlocking”的声明
c:\program files (x86)\windows kits\8.1\include\um\winsock2.h(2463): error C2375: “WSAUnhookBlockingHook”: 重定义；不同的链接
  c:\program files (x86)\windows kits\8.1\include\um\winsock.h(879): note: 参见“WSAUnhookBlockingHook”的声明
c:\program files (x86)\windows kits\8.1\include\um\winsock2.h(2481): error C2375: “WSASetBlockingHook”: 重定义；不同的链接
  c:\program files (x86)\windows kits\8.1\include\um\winsock.h(881): note: 参见“WSASetBlockingHook”的声明
c:\program files (x86)\windows kits\8.1\include\um\winsock2.h(2499): error C2375: “WSACancelBlockingCall”: 重定义；不同的链接
  c:\program files (x86)\windows kits\8.1\include\um\winsock.h(883): note: 参见“WSACancelBlockingCall”的声明
c:\program files (x86)\windows kits\8.1\include\um\winsock2.h(2517): error C2375: “WSAAsyncGetServByName”: 重定义；不同的链接
  c:\program files (x86)\windows kits\8.1\include\um\winsock.h(885): note: 参见“WSAAsyncGetServByName”的声明
c:\program files (x86)\windows kits\8.1\include\um\winsock2.h(2545): error C2375: “WSAAsyncGetServByPort”: 重定义；不同的链接
  c:\program files (x86)\windows kits\8.1\include\um\winsock.h(893): note: 参见“WSAAsyncGetServByPort”的声明
c:\program files (x86)\windows kits\8.1\include\um\winsock2.h(2573): error C2375: “WSAAsyncGetProtoByName”: 重定义；不同的链接
  c:\program files (x86)\windows kits\8.1\include\um\winsock.h(901): note: 参见“WSAAsyncGetProtoByName”的声明
c:\program files (x86)\windows kits\8.1\include\um\winsock2.h(2599): error C2375: “WSAAsyncGetProtoByNumber”: 重定义；不同的链接
  c:\program files (x86)\windows kits\8.1\include\um\winsock.h(908): note: 参见“WSAAsyncGetProtoByNumber”的声明
c:\program files (x86)\windows kits\8.1\include\um\winsock2.h(2625): error C2375: “WSAAsyncGetHostByName”: 重定义；不同的链接
  c:\program files (x86)\windows kits\8.1\include\um\winsock.h(915): note: 参见“WSAAsyncGetHostByName”的声明
c:\program files (x86)\windows kits\8.1\include\um\winsock2.h(2651): error C2375: “WSAAsyncGetHostByAddr”: 重定义；不同的链接
  c:\program files (x86)\windows kits\8.1\include\um\winsock.h(922): note: 参见“WSAAsyncGetHostByAddr”的声明
c:\program files (x86)\windows kits\8.1\include\um\winsock2.h(2681): error C2375: “WSACancelAsyncRequest”: 重定义；不同的链接
  c:\program files (x86)\windows kits\8.1\include\um\winsock.h(931): note: 参见“WSACancelAsyncRequest”的声明
c:\program files (x86)\windows kits\8.1\include\um\winsock2.h(2699): error C2375: “WSAAsyncSelect”: 重定义；不同的链接
  c:\program files (x86)\windows kits\8.1\include\um\winsock.h(933): note: 参见“WSAAsyncSelect”的声明
c:\program files (x86)\windows kits\8.1\include\shared\ws2ipdef.h(76): error C2079: “sockaddr_gen::Address”使用未定义的 struct“sockaddr”
c:\program files (x86)\windows kits\8.1\include\shared\ws2ipdef.h(77): error C2079: “sockaddr_gen::AddressIn”使用未定义的 struct“sockaddr_in”
c:\program files (x86)\windows kits\8.1\include\shared\ws2ipdef.h(120): warning C4005: “IP_TOS”: 宏重定义
  c:\program files (x86)\windows kits\8.1\include\um\winsock.h(344): note: 参见“IP_TOS”的前一个定义
c:\program files (x86)\windows kits\8.1\include\shared\ws2ipdef.h(121): warning C4005: “IP_TTL”: 宏重定义
  c:\program files (x86)\windows kits\8.1\include\um\winsock.h(343): note: 参见“IP_TTL”的前一个定义
c:\program files (x86)\windows kits\8.1\include\shared\ws2ipdef.h(122): warning C4005: “IP_MULTICAST_IF”: 宏重定义
  c:\program files (x86)\windows kits\8.1\include\um\winsock.h(338): note: 参见“IP_MULTICAST_IF”的前一个定义
c:\program files (x86)\windows kits\8.1\include\shared\ws2ipdef.h(123): warning C4005: “IP_MULTICAST_TTL”: 宏重定义
  c:\program files (x86)\windows kits\8.1\include\um\winsock.h(339): note: 参见“IP_MULTICAST_TTL”的前一个定义
c:\program files (x86)\windows kits\8.1\include\shared\ws2ipdef.h(124): warning C4005: “IP_MULTICAST_LOOP”: 宏重定义
  c:\program files (x86)\windows kits\8.1\include\um\winsock.h(340): note: 参见“IP_MULTICAST_LOOP”的前一个定义
c:\program files (x86)\windows kits\8.1\include\shared\ws2ipdef.h(125): warning C4005: “IP_ADD_MEMBERSHIP”: 宏重定义
  c:\program files (x86)\windows kits\8.1\include\um\winsock.h(341): note: 参见“IP_ADD_MEMBERSHIP”的前一个定义
c:\program files (x86)\windows kits\8.1\include\shared\ws2ipdef.h(126): warning C4005: “IP_DROP_MEMBERSHIP”: 宏重定义
  c:\program files (x86)\windows kits\8.1\include\um\winsock.h(342): note: 参见“IP_DROP_MEMBERSHIP”的前一个定义
c:\program files (x86)\windows kits\8.1\include\shared\ws2ipdef.h(127): warning C4005: “IP_DONTFRAGMENT”: 宏重定义
  c:\program files (x86)\windows kits\8.1\include\um\winsock.h(345): note: 参见“IP_DONTFRAGMENT”的前一个定义
c:\program files (x86)\windows kits\8.1\include\shared\ws2ipdef.h(202): error C2079: “_SOCKADDR_INET::Ipv4”使用未定义的 struct“sockaddr_in”
c:\program files (x86)\windows kits\8.1\include\shared\ws2ipdef.h(715): error C2011: “ip_mreq”:“struct”类型重定义
  c:\program files (x86)\windows kits\8.1\include\um\winsock.h(355): note: 参见“ip_mreq”的声明
c:\users\jason\documents\github\se_project\server\vs\server\server\se_winsock2.h(11): error C2079: “SE_winsock2::wsaData”使用未定义的 struct“WSAData”
c:\users\jason\documents\github\se_project\server\vs\server\server\se_winsock2.h(13): error C2079: “SE_winsock2::addr”使用未定义的 struct“sockaddr_in”
c:\users\jason\documents\github\se_project\server\vs\server\server\se_winsock2.cpp(5): error C2228: “.sin_addr”的左边必须有类/结构/联合
  c:\users\jason\documents\github\se_project\server\vs\server\server\se_winsock2.cpp(5): note: 类型是“int”
c:\users\jason\documents\github\se_project\server\vs\server\server\se_winsock2.cpp(5): error C2228: “.S_un”的左边必须有类/结构/联合
c:\users\jason\documents\github\se_project\server\vs\server\server\se_winsock2.cpp(5): error C2228: “.S_addr”的左边必须有类/结构/联合
c:\users\jason\documents\github\se_project\server\vs\server\server\se_winsock2.cpp(6): error C2228: “.sin_family”的左边必须有类/结构/联合
  c:\users\jason\documents\github\se_project\server\vs\server\server\se_winsock2.cpp(6): note: 类型是“int”
c:\users\jason\documents\github\se_project\server\vs\server\server\se_winsock2.cpp(7): error C2228: “.sin_port”的左边必须有类/结构/联合
  c:\users\jason\documents\github\se_project\server\vs\server\server\se_winsock2.cpp(7): note: 类型是“int”
c:\users\jason\documents\github\se_project\server\vs\server\server\se_winsock2.cpp(12): error C2568: “=”: 无法解析函数重载
  c:\users\jason\documents\github\se_project\server\vs\server\server\se_winsock2.cpp(12): note: 可能是“int WSAStartup(WORD,LPWSADATA)”
c:\users\jason\documents\github\se_project\server\vs\server\server\se_winsock2.cpp(17): error C2568: “=”: 无法解析函数重载
  c:\users\jason\documents\github\se_project\server\vs\server\server\se_winsock2.cpp(17): note: 可能是“SOCKET socket(int,int,int)”
c:\users\jason\documents\github\se_project\server\vs\server\server\se_winsock2.cpp(19): error C2568: “<<”: 无法解析函数重载
  c:\users\jason\documents\github\se_project\server\vs\server\server\se_winsock2.cpp(19): note: 可能是“int WSAGetLastError(void)”
c:\users\jason\documents\github\se_project\server\vs\server\server\se_winsock2.cpp(24): error C2568: “=”: 无法解析函数重载
  c:\users\jason\documents\github\se_project\server\vs\server\server\se_winsock2.cpp(24): note: 可能是“int bind(SOCKET,const sockaddr *,int)”
c:\users\jason\documents\github\se_project\server\vs\server\server\se_winsock2.cpp(26): error C2568: “<<”: 无法解析函数重载
  c:\users\jason\documents\github\se_project\server\vs\server\server\se_winsock2.cpp(26): note: 可能是“int WSAGetLastError(void)”
c:\users\jason\documents\github\se_project\server\vs\server\server\se_winsock2.cpp(32): error C2446: “==”: 没有从“int”到“int (__stdcall *)(SOCKET,int)”的转换
  c:\users\jason\documents\github\se_project\server\vs\server\server\se_winsock2.cpp(32): note: 从整型转换为指针类型要求 reinterpret_cast、C 样式转换或函数样式转换
c:\users\jason\documents\github\se_project\server\vs\server\server\se_winsock2.cpp(33): error C2568: “<<”: 无法解析函数重载
  c:\users\jason\documents\github\se_project\server\vs\server\server\se_winsock2.cpp(33): note: 可能是“int WSAGetLastError(void)”
c:\users\jason\documents\github\se_project\server\vs\server\server\se_winsock2.cpp(41): error C2079: “Client_addr”使用未定义的 struct“sockaddr_in”
c:\users\jason\documents\github\se_project\server\vs\server\server\se_winsock2.cpp(45): error C2568: “=”: 无法解析函数重载
  c:\users\jason\documents\github\se_project\server\vs\server\server\se_winsock2.cpp(45): note: 可能是“SOCKET accept(SOCKET,sockaddr *,int *)”
c:\users\jason\documents\github\se_project\server\vs\server\server\se_winsock2.cpp(46): error C2228: “.sin_addr”的左边必须有类/结构/联合
  c:\users\jason\documents\github\se_project\server\vs\server\server\se_winsock2.cpp(46): note: 类型是“int”
c:\users\jason\documents\github\se_project\server\vs\server\server\se_winsock2.cpp(46): error C2568: “<<”: 无法解析函数重载
  c:\users\jason\documents\github\se_project\server\vs\server\server\se_winsock2.cpp(46): note: 可能是“char *inet_ntoa(in_addr)”
c:\users\jason\documents\github\se_project\server\vs\server\server\se_winsock2.cpp(51): error C2568: “<<”: 无法解析函数重载
  c:\users\jason\documents\github\se_project\server\vs\server\server\se_winsock2.cpp(51): note: 可能是“int WSAGetLastError(void)”
  SE_MySQL.cpp
c:\program files (x86)\windows kits\8.1\include\shared\ws2def.h(100): warning C4005: “AF_IPX”: 宏重定义
  c:\program files (x86)\windows kits\8.1\include\um\winsock.h(452): note: 参见“AF_IPX”的前一个定义
c:\program files (x86)\windows kits\8.1\include\shared\ws2def.h(140): warning C4005: “AF_MAX”: 宏重定义
  c:\program files (x86)\windows kits\8.1\include\um\winsock.h(471): note: 参见“AF_MAX”的前一个定义
c:\program files (x86)\windows kits\8.1\include\shared\ws2def.h(177): warning C4005: “SO_DONTLINGER”: 宏重定义
  c:\program files (x86)\windows kits\8.1\include\um\winsock.h(394): note: 参见“SO_DONTLINGER”的前一个定义
c:\program files (x86)\windows kits\8.1\include\shared\ws2def.h(221): error C2011: “sockaddr”:“struct”类型重定义
  c:\program files (x86)\windows kits\8.1\include\um\winsock.h(1002): note: 参见“sockaddr”的声明
c:\program files (x86)\windows kits\8.1\include\shared\ws2def.h(421): error C2059: 语法错误:“常量”
c:\program files (x86)\windows kits\8.1\include\shared\ws2def.h(421): error C3805: “常量”: 意外标记，应输入“}”或者“,”
c:\program files (x86)\windows kits\8.1\include\shared\ws2def.h(556): warning C4005: “IN_CLASSA”: 宏重定义
  c:\program files (x86)\windows kits\8.1\include\um\winsock.h(279): note: 参见“IN_CLASSA”的前一个定义
c:\program files (x86)\windows kits\8.1\include\shared\ws2def.h(562): warning C4005: “IN_CLASSB”: 宏重定义
  c:\program files (x86)\windows kits\8.1\include\um\winsock.h(285): note: 参见“IN_CLASSB”的前一个定义
c:\program files (x86)\windows kits\8.1\include\shared\ws2def.h(568): warning C4005: “IN_CLASSC”: 宏重定义
  c:\program files (x86)\windows kits\8.1\include\um\winsock.h(291): note: 参见“IN_CLASSC”的前一个定义
c:\program files (x86)\windows kits\8.1\include\shared\ws2def.h(579): warning C4005: “INADDR_ANY”: 宏重定义
  c:\program files (x86)\windows kits\8.1\include\um\winsock.h(296): note: 参见“INADDR_ANY”的前一个定义
c:\program files (x86)\windows kits\8.1\include\shared\ws2def.h(581): warning C4005: “INADDR_BROADCAST”: 宏重定义
  c:\program files (x86)\windows kits\8.1\include\um\winsock.h(298): note: 参见“INADDR_BROADCAST”的前一个定义
c:\program files (x86)\windows kits\8.1\include\shared\ws2def.h(615): error C2011: “sockaddr_in”:“struct”类型重定义
  c:\program files (x86)\windows kits\8.1\include\um\winsock.h(1006): note: 参见“sockaddr_in”的声明
c:\program files (x86)\windows kits\8.1\include\um\winsock2.h(136): error C2011: “fd_set”:“struct”类型重定义
  c:\program files (x86)\windows kits\8.1\include\um\winsock.h(1014): note: 参见“fd_set”的声明
c:\program files (x86)\windows kits\8.1\include\um\winsock2.h(156): warning C4005: “FD_CLR”: 宏重定义
  c:\program files (x86)\windows kits\8.1\include\um\winsock.h(89): note: 参见“FD_CLR”的前一个定义
c:\program files (x86)\windows kits\8.1\include\um\winsock2.h(171): warning C4005: “FD_SET”: 宏重定义
  c:\program files (x86)\windows kits\8.1\include\um\winsock.h(94): note: 参见“FD_SET”的前一个定义
c:\program files (x86)\windows kits\8.1\include\um\winsock2.h(180): error C2011: “timeval”:“struct”类型重定义
  c:\program files (x86)\windows kits\8.1\include\um\winsock.h(1030): note: 参见“timeval”的声明
c:\program files (x86)\windows kits\8.1\include\um\winsock2.h(236): error C2011: “hostent”:“struct”类型重定义
  c:\program files (x86)\windows kits\8.1\include\um\winsock.h(1018): note: 参见“hostent”的声明
c:\program files (x86)\windows kits\8.1\include\um\winsock2.h(249): error C2011: “netent”:“struct”类型重定义
  c:\program files (x86)\windows kits\8.1\include\um\winsock.h(172): note: 参见“netent”的声明
c:\program files (x86)\windows kits\8.1\include\um\winsock2.h(256): error C2011: “servent”:“struct”类型重定义
  c:\program files (x86)\windows kits\8.1\include\um\winsock.h(1022): note: 参见“servent”的声明
c:\program files (x86)\windows kits\8.1\include\um\winsock2.h(268): error C2011: “protoent”:“struct”类型重定义
  c:\program files (x86)\windows kits\8.1\include\um\winsock.h(1026): note: 参见“protoent”的声明
c:\program files (x86)\windows kits\8.1\include\um\winsock2.h(364): error C2011: “WSAData”:“struct”类型重定义
  c:\program files (x86)\windows kits\8.1\include\um\winsock.h(314): note: 参见“WSAData”的声明
c:\program files (x86)\windows kits\8.1\include\um\winsock2.h(462): error C2011: “sockproto”:“struct”类型重定义
  c:\program files (x86)\windows kits\8.1\include\um\winsock.h(486): note: 参见“sockproto”的声明
c:\program files (x86)\windows kits\8.1\include\um\winsock2.h(504): error C2011: “linger”:“struct”类型重定义
  c:\program files (x86)\windows kits\8.1\include\um\winsock.h(1010): note: 参见“linger”的声明
c:\program files (x86)\windows kits\8.1\include\um\winsock2.h(517): warning C4005: “SOMAXCONN”: 宏重定义
  c:\program files (x86)\windows kits\8.1\include\um\winsock.h(536): note: 参见“SOMAXCONN”的前一个定义
c:\program files (x86)\windows kits\8.1\include\um\winsock2.h(551): warning C4005: “FD_READ”: 宏重定义
  c:\program files (x86)\windows kits\8.1\include\um\winsock.h(554): note: 参见“FD_READ”的前一个定义
c:\program files (x86)\windows kits\8.1\include\um\winsock2.h(554): warning C4005: “FD_WRITE”: 宏重定义
  c:\program files (x86)\windows kits\8.1\include\um\winsock.h(555): note: 参见“FD_WRITE”的前一个定义
c:\program files (x86)\windows kits\8.1\include\um\winsock2.h(557): warning C4005: “FD_OOB”: 宏重定义
  c:\program files (x86)\windows kits\8.1\include\um\winsock.h(556): note: 参见“FD_OOB”的前一个定义
c:\program files (x86)\windows kits\8.1\include\um\winsock2.h(560): warning C4005: “FD_ACCEPT”: 宏重定义
  c:\program files (x86)\windows kits\8.1\include\um\winsock.h(557): note: 参见“FD_ACCEPT”的前一个定义
c:\program files (x86)\windows kits\8.1\include\um\winsock2.h(563): warning C4005: “FD_CONNECT”: 宏重定义
  c:\program files (x86)\windows kits\8.1\include\um\winsock.h(558): note: 参见“FD_CONNECT”的前一个定义
c:\program files (x86)\windows kits\8.1\include\um\winsock2.h(566): warning C4005: “FD_CLOSE”: 宏重定义
  c:\program files (x86)\windows kits\8.1\include\um\winsock.h(559): note: 参见“FD_CLOSE”的前一个定义
c:\program files (x86)\windows kits\8.1\include\um\winsock2.h(1646): error C2375: “accept”: 重定义；不同的链接
  c:\program files (x86)\windows kits\8.1\include\um\winsock.h(734): note: 参见“accept”的声明
c:\program files (x86)\windows kits\8.1\include\um\winsock2.h(1668): error C2375: “bind”: 重定义；不同的链接
  c:\program files (x86)\windows kits\8.1\include\um\winsock.h(739): note: 参见“bind”的声明
c:\program files (x86)\windows kits\8.1\include\um\winsock2.h(1689): error C2375: “closesocket”: 重定义；不同的链接
  c:\program files (x86)\windows kits\8.1\include\um\winsock.h(744): note: 参见“closesocket”的声明
c:\program files (x86)\windows kits\8.1\include\um\winsock2.h(1706): error C2375: “connect”: 重定义；不同的链接
  c:\program files (x86)\windows kits\8.1\include\um\winsock.h(746): note: 参见“connect”的声明
c:\program files (x86)\windows kits\8.1\include\um\winsock2.h(1727): error C2375: “ioctlsocket”: 重定义；不同的链接
  c:\program files (x86)\windows kits\8.1\include\um\winsock.h(751): note: 参见“ioctlsocket”的声明
c:\program files (x86)\windows kits\8.1\include\um\winsock2.h(1748): error C2375: “getpeername”: 重定义；不同的链接
  c:\program files (x86)\windows kits\8.1\include\um\winsock.h(756): note: 参见“getpeername”的声明
c:\program files (x86)\windows kits\8.1\include\um\winsock2.h(1769): error C2375: “getsockname”: 重定义；不同的链接
  c:\program files (x86)\windows kits\8.1\include\um\winsock.h(761): note: 参见“getsockname”的声明
c:\program files (x86)\windows kits\8.1\include\um\winsock2.h(1790): error C2375: “getsockopt”: 重定义；不同的链接
  c:\program files (x86)\windows kits\8.1\include\um\winsock.h(766): note: 参见“getsockopt”的声明
c:\program files (x86)\windows kits\8.1\include\um\winsock2.h(1815): error C2375: “htonl”: 重定义；不同的链接
  c:\program files (x86)\windows kits\8.1\include\um\winsock.h(773): note: 参见“htonl”的声明
c:\program files (x86)\windows kits\8.1\include\um\winsock2.h(1832): error C2375: “htons”: 重定义；不同的链接
  c:\program files (x86)\windows kits\8.1\include\um\winsock.h(775): note: 参见“htons”的声明
c:\program files (x86)\windows kits\8.1\include\um\winsock2.h(1850): error C2375: “inet_addr”: 重定义；不同的链接
  c:\program files (x86)\windows kits\8.1\include\um\winsock.h(777): note: 参见“inet_addr”的声明
c:\program files (x86)\windows kits\8.1\include\um\winsock2.h(1868): error C2375: “inet_ntoa”: 重定义；不同的链接
  c:\program files (x86)\windows kits\8.1\include\um\winsock.h(779): note: 参见“inet_ntoa”的声明
c:\program files (x86)\windows kits\8.1\include\um\winsock2.h(1968): error C2375: “listen”: 重定义；不同的链接
  c:\program files (x86)\windows kits\8.1\include\um\winsock.h(781): note: 参见“listen”的声明
c:\program files (x86)\windows kits\8.1\include\um\winsock2.h(1987): error C2375: “ntohl”: 重定义；不同的链接
  c:\program files (x86)\windows kits\8.1\include\um\winsock.h(785): note: 参见“ntohl”的声明
c:\program files (x86)\windows kits\8.1\include\um\winsock2.h(2004): error C2375: “ntohs”: 重定义；不同的链接
  c:\program files (x86)\windows kits\8.1\include\um\winsock.h(787): note: 参见“ntohs”的声明
c:\program files (x86)\windows kits\8.1\include\um\winsock2.h(2021): error C2375: “recv”: 重定义；不同的链接
  c:\program files (x86)\windows kits\8.1\include\um\winsock.h(789): note: 参见“recv”的声明
c:\program files (x86)\windows kits\8.1\include\um\winsock2.h(2044): error C2375: “recvfrom”: 重定义；不同的链接
  c:\program files (x86)\windows kits\8.1\include\um\winsock.h(795): note: 参见“recvfrom”的声明
c:\program files (x86)\windows kits\8.1\include\um\winsock2.h(2071): error C2375: “select”: 重定义；不同的链接
  c:\program files (x86)\windows kits\8.1\include\um\winsock.h(803): note: 参见“select”的声明
c:\program files (x86)\windows kits\8.1\include\um\winsock2.h(2096): error C2375: “send”: 重定义；不同的链接
  c:\program files (x86)\windows kits\8.1\include\um\winsock.h(810): note: 参见“send”的声明
c:\program files (x86)\windows kits\8.1\include\um\winsock2.h(2119): error C2375: “sendto”: 重定义；不同的链接
  c:\program files (x86)\windows kits\8.1\include\um\winsock.h(816): note: 参见“sendto”的声明
c:\program files (x86)\windows kits\8.1\include\um\winsock2.h(2146): error C2375: “setsockopt”: 重定义；不同的链接
  c:\program files (x86)\windows kits\8.1\include\um\winsock.h(824): note: 参见“setsockopt”的声明
c:\program files (x86)\windows kits\8.1\include\um\winsock2.h(2171): error C2375: “shutdown”: 重定义；不同的链接
  c:\program files (x86)\windows kits\8.1\include\um\winsock.h(831): note: 参见“shutdown”的声明
c:\program files (x86)\windows kits\8.1\include\um\winsock2.h(2191): error C2375: “socket”: 重定义；不同的链接
  c:\program files (x86)\windows kits\8.1\include\um\winsock.h(835): note: 参见“socket”的声明
c:\program files (x86)\windows kits\8.1\include\um\winsock2.h(2216): error C2375: “gethostbyaddr”: 重定义；不同的链接
  c:\program files (x86)\windows kits\8.1\include\um\winsock.h(842): note: 参见“gethostbyaddr”的声明
c:\program files (x86)\windows kits\8.1\include\um\winsock2.h(2238): error C2375: “gethostbyname”: 重定义；不同的链接
  c:\program files (x86)\windows kits\8.1\include\um\winsock.h(847): note: 参见“gethostbyname”的声明
c:\program files (x86)\windows kits\8.1\include\um\winsock2.h(2255): error C2375: “gethostname”: 重定义；不同的链接
  c:\program files (x86)\windows kits\8.1\include\um\winsock.h(849): note: 参见“gethostname”的声明
c:\program files (x86)\windows kits\8.1\include\um\winsock2.h(2295): error C2375: “getservbyport”: 重定义；不同的链接
  c:\program files (x86)\windows kits\8.1\include\um\winsock.h(853): note: 参见“getservbyport”的声明
c:\program files (x86)\windows kits\8.1\include\um\winsock2.h(2314): error C2375: “getservbyname”: 重定义；不同的链接
  c:\program files (x86)\windows kits\8.1\include\um\winsock.h(857): note: 参见“getservbyname”的声明
c:\program files (x86)\windows kits\8.1\include\um\winsock2.h(2333): error C2375: “getprotobynumber”: 重定义；不同的链接
  c:\program files (x86)\windows kits\8.1\include\um\winsock.h(861): note: 参见“getprotobynumber”的声明
c:\program files (x86)\windows kits\8.1\include\um\winsock2.h(2350): error C2375: “getprotobyname”: 重定义；不同的链接
  c:\program files (x86)\windows kits\8.1\include\um\winsock.h(863): note: 参见“getprotobyname”的声明
c:\program files (x86)\windows kits\8.1\include\um\winsock2.h(2370): error C2375: “WSAStartup”: 重定义；不同的链接
  c:\program files (x86)\windows kits\8.1\include\um\winsock.h(867): note: 参见“WSAStartup”的声明
c:\program files (x86)\windows kits\8.1\include\um\winsock2.h(2390): error C2375: “WSACleanup”: 重定义；不同的链接
  c:\program files (x86)\windows kits\8.1\include\um\winsock.h(871): note: 参见“WSACleanup”的声明
c:\program files (x86)\windows kits\8.1\include\um\winsock2.h(2407): error C2375: “WSASetLastError”: 重定义；不同的链接
  c:\program files (x86)\windows kits\8.1\include\um\winsock.h(873): note: 参见“WSASetLastError”的声明
c:\program files (x86)\windows kits\8.1\include\um\winsock2.h(2424): error C2375: “WSAGetLastError”: 重定义；不同的链接
  c:\program files (x86)\windows kits\8.1\include\um\winsock.h(875): note: 参见“WSAGetLastError”的声明
c:\program files (x86)\windows kits\8.1\include\um\winsock2.h(2445): error C2375: “WSAIsBlocking”: 重定义；不同的链接
  c:\program files (x86)\windows kits\8.1\include\um\winsock.h(877): note: 参见“WSAIsBlocking”的声明
c:\program files (x86)\windows kits\8.1\include\um\winsock2.h(2463): error C2375: “WSAUnhookBlockingHook”: 重定义；不同的链接
  c:\program files (x86)\windows kits\8.1\include\um\winsock.h(879): note: 参见“WSAUnhookBlockingHook”的声明
c:\program files (x86)\windows kits\8.1\include\um\winsock2.h(2481): error C2375: “WSASetBlockingHook”: 重定义；不同的链接
  c:\program files (x86)\windows kits\8.1\include\um\winsock.h(881): note: 参见“WSASetBlockingHook”的声明
c:\program files (x86)\windows kits\8.1\include\um\winsock2.h(2499): error C2375: “WSACancelBlockingCall”: 重定义；不同的链接
  c:\program files (x86)\windows kits\8.1\include\um\winsock.h(883): note: 参见“WSACancelBlockingCall”的声明
c:\program files (x86)\windows kits\8.1\include\um\winsock2.h(2517): error C2375: “WSAAsyncGetServByName”: 重定义；不同的链接
  c:\program files (x86)\windows kits\8.1\include\um\winsock.h(885): note: 参见“WSAAsyncGetServByName”的声明
c:\program files (x86)\windows kits\8.1\include\um\winsock2.h(2545): error C2375: “WSAAsyncGetServByPort”: 重定义；不同的链接
  c:\program files (x86)\windows kits\8.1\include\um\winsock.h(893): note: 参见“WSAAsyncGetServByPort”的声明
c:\program files (x86)\windows kits\8.1\include\um\winsock2.h(2573): error C2375: “WSAAsyncGetProtoByName”: 重定义；不同的链接
  c:\program files (x86)\windows kits\8.1\include\um\winsock.h(901): note: 参见“WSAAsyncGetProtoByName”的声明
c:\program files (x86)\windows kits\8.1\include\um\winsock2.h(2599): error C2375: “WSAAsyncGetProtoByNumber”: 重定义；不同的链接
  c:\program files (x86)\windows kits\8.1\include\um\winsock.h(908): note: 参见“WSAAsyncGetProtoByNumber”的声明
c:\program files (x86)\windows kits\8.1\include\um\winsock2.h(2625): error C2375: “WSAAsyncGetHostByName”: 重定义；不同的链接
  c:\program files (x86)\windows kits\8.1\include\um\winsock.h(915): note: 参见“WSAAsyncGetHostByName”的声明
c:\program files (x86)\windows kits\8.1\include\um\winsock2.h(2651): error C2375: “WSAAsyncGetHostByAddr”: 重定义；不同的链接
  c:\program files (x86)\windows kits\8.1\include\um\winsock.h(922): note: 参见“WSAAsyncGetHostByAddr”的声明
c:\program files (x86)\windows kits\8.1\include\um\winsock2.h(2681): error C2375: “WSACancelAsyncRequest”: 重定义；不同的链接
  c:\program files (x86)\windows kits\8.1\include\um\winsock.h(931): note: 参见“WSACancelAsyncRequest”的声明
c:\program files (x86)\windows kits\8.1\include\um\winsock2.h(2699): error C2375: “WSAAsyncSelect”: 重定义；不同的链接
  c:\program files (x86)\windows kits\8.1\include\um\winsock.h(933): note: 参见“WSAAsyncSelect”的声明
c:\program files (x86)\windows kits\8.1\include\shared\ws2ipdef.h(76): error C2079: “sockaddr_gen::Address”使用未定义的 struct“sockaddr”
c:\program files (x86)\windows kits\8.1\include\shared\ws2ipdef.h(77): error C2079: “sockaddr_gen::AddressIn”使用未定义的 struct“sockaddr_in”
c:\program files (x86)\windows kits\8.1\include\shared\ws2ipdef.h(120): warning C4005: “IP_TOS”: 宏重定义
  c:\program files (x86)\windows kits\8.1\include\um\winsock.h(344): note: 参见“IP_TOS”的前一个定义
c:\program files (x86)\windows kits\8.1\include\shared\ws2ipdef.h(121): warning C4005: “IP_TTL”: 宏重定义
  c:\program files (x86)\windows kits\8.1\include\um\winsock.h(343): note: 参见“IP_TTL”的前一个定义
c:\program files (x86)\windows kits\8.1\include\shared\ws2ipdef.h(122): warning C4005: “IP_MULTICAST_IF”: 宏重定义
  c:\program files (x86)\windows kits\8.1\include\um\winsock.h(338): note: 参见“IP_MULTICAST_IF”的前一个定义
c:\program files (x86)\windows kits\8.1\include\shared\ws2ipdef.h(123): warning C4005: “IP_MULTICAST_TTL”: 宏重定义
  c:\program files (x86)\windows kits\8.1\include\um\winsock.h(339): note: 参见“IP_MULTICAST_TTL”的前一个定义
c:\program files (x86)\windows kits\8.1\include\shared\ws2ipdef.h(124): warning C4005: “IP_MULTICAST_LOOP”: 宏重定义
  c:\program files (x86)\windows kits\8.1\include\um\winsock.h(340): note: 参见“IP_MULTICAST_LOOP”的前一个定义
c:\program files (x86)\windows kits\8.1\include\shared\ws2ipdef.h(125): warning C4005: “IP_ADD_MEMBERSHIP”: 宏重定义
  c:\program files (x86)\windows kits\8.1\include\um\winsock.h(341): note: 参见“IP_ADD_MEMBERSHIP”的前一个定义
c:\program files (x86)\windows kits\8.1\include\shared\ws2ipdef.h(126): warning C4005: “IP_DROP_MEMBERSHIP”: 宏重定义
  c:\program files (x86)\windows kits\8.1\include\um\winsock.h(342): note: 参见“IP_DROP_MEMBERSHIP”的前一个定义
c:\program files (x86)\windows kits\8.1\include\shared\ws2ipdef.h(127): warning C4005: “IP_DONTFRAGMENT”: 宏重定义
  c:\program files (x86)\windows kits\8.1\include\um\winsock.h(345): note: 参见“IP_DONTFRAGMENT”的前一个定义
c:\program files (x86)\windows kits\8.1\include\shared\ws2ipdef.h(202): error C2079: “_SOCKADDR_INET::Ipv4”使用未定义的 struct“sockaddr_in”
c:\program files (x86)\windows kits\8.1\include\shared\ws2ipdef.h(715): error C2011: “ip_mreq”:“struct”类型重定义
  c:\program files (x86)\windows kits\8.1\include\um\winsock.h(355): note: 参见“ip_mreq”的声明
  Client_thread.cpp
c:\users\jason\documents\github\se_project\server\vs\server\server\client_thread.h(5): error C4430: 缺少类型说明符 - 假定为 int。注意: C++ 不支持默认 int
c:\users\jason\documents\github\se_project\server\vs\server\server\client_thread.h(5): error C2146: 语法错误: 缺少“;”(在标识符“WINAPI”的前面)
c:\users\jason\documents\github\se_project\server\vs\server\server\client_thread.cpp(2): error C4430: 缺少类型说明符 - 假定为 int。注意: C++ 不支持默认 int
c:\users\jason\documents\github\se_project\server\vs\server\server\client_thread.cpp(2): error C2086: “int DWORD”: 重定义
  c:\users\jason\documents\github\se_project\server\vs\server\server\client_thread.h(5): note: 参见“DWORD”的声明
c:\users\jason\documents\github\se_project\server\vs\server\server\client_thread.cpp(2): error C2146: 语法错误: 缺少“;”(在标识符“WINAPI”的前面)
c:\users\jason\documents\github\se_project\server\vs\server\server\client_thread.cpp(2): error C2143: 语法错误: 缺少“;”(在“{”的前面)
c:\users\jason\documents\github\se_project\server\vs\server\server\client_thread.cpp(2): error C2447: “{”: 缺少函数标题(是否是老式的形式表?)
  正在生成代码...
